<?xml version="1.0" encoding="UTF-8"?>
<coverage generated="1533856371642" clover="3.2.0">
  <project timestamp="1533856371642" name="All files">
    <metrics statements="101" coveredstatements="83" conditionals="17" coveredconditionals="10" methods="38" coveredmethods="27" elements="156" coveredelements="120" complexity="0" loc="101" ncloc="101" packages="6" files="13" classes="13">
      <package name="src.helpers.api">
        <metrics statements="14" coveredstatements="14" conditionals="0" coveredconditionals="0" methods="9" coveredmethods="7"/>
        <file name="Foo.js" path="/home/ruan/projects/salic-minc/front/src/helpers/api/Foo.js">
          <metrics statements="10" coveredstatements="10" conditionals="0" coveredconditionals="0" methods="7" coveredmethods="5"/>
          <line num="3" count="1" type="stmt"/>
          <line num="4" count="3" type="stmt"/>
          <line num="6" count="3" type="stmt"/>
          <line num="7" count="5" type="stmt"/>
          <line num="10" count="3" type="stmt"/>
          <line num="13" count="6" type="stmt"/>
          <line num="15" count="1" type="stmt"/>
          <line num="17" count="3" type="stmt"/>
          <line num="19" count="1" type="stmt"/>
          <line num="21" count="3" type="stmt"/>
        </file>
        <file name="Projeto.js" path="/home/ruan/projects/salic-minc/front/src/helpers/api/Projeto.js">
          <metrics statements="4" coveredstatements="4" conditionals="0" coveredconditionals="0" methods="2" coveredmethods="2"/>
          <line num="3" count="2" type="stmt"/>
          <line num="5" count="1" type="stmt"/>
          <line num="6" count="2" type="stmt"/>
          <line num="7" count="2" type="stmt"/>
        </file>
      </package>
      <package name="src.helpers.api.base">
        <metrics statements="5" coveredstatements="3" conditionals="1" coveredconditionals="0" methods="5" coveredmethods="3"/>
        <file name="index.js" path="/home/ruan/projects/salic-minc/front/src/helpers/api/base/index.js">
          <metrics statements="5" coveredstatements="3" conditionals="1" coveredconditionals="0" methods="5" coveredmethods="3"/>
          <line num="5" count="8" type="stmt"/>
          <line num="9" count="0" type="stmt"/>
          <line num="13" count="3" type="stmt"/>
          <line num="17" count="0" type="stmt"/>
          <line num="21" count="3" type="stmt"/>
        </file>
      </package>
      <package name="src.modules.foo.store">
        <metrics statements="42" coveredstatements="34" conditionals="4" coveredconditionals="2" methods="13" coveredmethods="9"/>
        <file name="actions.js" path="/home/ruan/projects/salic-minc/front/src/modules/foo/store/actions.js">
          <metrics statements="22" coveredstatements="14" conditionals="0" coveredconditionals="0" methods="9" coveredmethods="5"/>
          <line num="4" count="1" type="stmt"/>
          <line num="5" count="0" type="stmt"/>
          <line num="7" count="0" type="stmt"/>
          <line num="8" count="0" type="stmt"/>
          <line num="9" count="0" type="stmt"/>
          <line num="13" count="1" type="stmt"/>
          <line num="14" count="3" type="stmt"/>
          <line num="16" count="3" type="stmt"/>
          <line num="17" count="3" type="stmt"/>
          <line num="18" count="3" type="stmt"/>
          <line num="22" count="1" type="stmt"/>
          <line num="23" count="0" type="stmt"/>
          <line num="25" count="0" type="stmt"/>
          <line num="26" count="0" type="stmt"/>
          <line num="27" count="0" type="stmt"/>
          <line num="31" count="1" type="stmt"/>
          <line num="32" count="1" type="stmt"/>
          <line num="35" count="1" type="stmt"/>
          <line num="36" count="3" type="stmt"/>
          <line num="38" count="3" type="stmt"/>
          <line num="39" count="3" type="stmt"/>
          <line num="40" count="3" type="stmt"/>
        </file>
        <file name="getters.js" path="/home/ruan/projects/salic-minc/front/src/modules/foo/store/getters.js">
          <metrics statements="2" coveredstatements="2" conditionals="0" coveredconditionals="0" methods="2" coveredmethods="2"/>
          <line num="1" count="1" type="stmt"/>
          <line num="2" count="1" type="stmt"/>
        </file>
        <file name="mutations.js" path="/home/ruan/projects/salic-minc/front/src/modules/foo/store/mutations.js">
          <metrics statements="13" coveredstatements="13" conditionals="4" coveredconditionals="2" methods="2" coveredmethods="2"/>
          <line num="3" count="1" type="stmt"/>
          <line num="8" count="1" type="stmt"/>
          <line num="10" count="1" type="stmt"/>
          <line num="13" count="1" type="stmt"/>
          <line num="16" count="1" type="stmt"/>
          <line num="19" count="1" type="stmt"/>
          <line num="21" count="1" type="stmt"/>
          <line num="22" count="1" type="cond" truecount="1" falsecount="1"/>
          <line num="23" count="1" type="stmt"/>
          <line num="28" count="1" type="stmt"/>
          <line num="30" count="1" type="stmt"/>
          <line num="31" count="1" type="cond" truecount="1" falsecount="1"/>
          <line num="32" count="1" type="stmt"/>
        </file>
        <file name="types.js" path="/home/ruan/projects/salic-minc/front/src/modules/foo/store/types.js">
          <metrics statements="5" coveredstatements="5" conditionals="0" coveredconditionals="0" methods="0" coveredmethods="0"/>
          <line num="1" count="3" type="stmt"/>
          <line num="2" count="3" type="stmt"/>
          <line num="3" count="3" type="stmt"/>
          <line num="4" count="3" type="stmt"/>
          <line num="5" count="3" type="stmt"/>
        </file>
      </package>
      <package name="src.modules.projeto.store">
        <metrics statements="10" coveredstatements="10" conditionals="0" coveredconditionals="0" methods="3" coveredmethods="3"/>
        <file name="actions.js" path="/home/ruan/projects/salic-minc/front/src/modules/projeto/store/actions.js">
          <metrics statements="5" coveredstatements="5" conditionals="0" coveredconditionals="0" methods="2" coveredmethods="2"/>
          <line num="5" count="1" type="stmt"/>
          <line num="6" count="2" type="stmt"/>
          <line num="8" count="2" type="stmt"/>
          <line num="9" count="2" type="stmt"/>
          <line num="10" count="2" type="stmt"/>
        </file>
        <file name="getters.js" path="/home/ruan/projects/salic-minc/front/src/modules/projeto/store/getters.js">
          <metrics statements="1" coveredstatements="1" conditionals="0" coveredconditionals="0" methods="1" coveredmethods="1"/>
          <line num="1" count="1" type="stmt"/>
        </file>
        <file name="mutations.js" path="/home/ruan/projects/salic-minc/front/src/modules/projeto/store/mutations.js">
          <metrics statements="3" coveredstatements="3" conditionals="0" coveredconditionals="0" methods="0" coveredmethods="0"/>
          <line num="3" count="1" type="stmt"/>
          <line num="7" count="1" type="stmt"/>
          <line num="9" count="1" type="stmt"/>
        </file>
        <file name="types.js" path="/home/ruan/projects/salic-minc/front/src/modules/projeto/store/types.js">
          <metrics statements="1" coveredstatements="1" conditionals="0" coveredconditionals="0" methods="0" coveredmethods="0"/>
          <line num="1" count="3" type="stmt"/>
        </file>
      </package>
      <package name="test.unit">
        <metrics statements="1" coveredstatements="1" conditionals="0" coveredconditionals="0" methods="0" coveredmethods="0"/>
        <file name="setup.js" path="/home/ruan/projects/salic-minc/front/test/unit/setup.js">
          <metrics statements="1" coveredstatements="1" conditionals="0" coveredconditionals="0" methods="0" coveredmethods="0"/>
          <line num="3" count="9" type="stmt"/>
        </file>
      </package>
      <package name="test.unit.helpers">
        <metrics statements="29" coveredstatements="21" conditionals="12" coveredconditionals="8" methods="8" coveredmethods="5"/>
        <file name="api.js" path="/home/ruan/projects/salic-minc/front/test/unit/helpers/api.js">
          <metrics statements="29" coveredstatements="21" conditionals="12" coveredconditionals="8" methods="8" coveredmethods="5"/>
          <line num="6" count="2" type="stmt"/>
          <line num="10" count="2" type="cond" truecount="2" falsecount="0"/>
          <line num="11" count="4" type="stmt"/>
          <line num="13" count="4" type="stmt"/>
          <line num="14" count="2" type="cond" truecount="3" falsecount="1"/>
          <line num="15" count="0" type="stmt"/>
          <line num="16" count="0" type="stmt"/>
          <line num="19" count="2" type="cond" truecount="1" falsecount="1"/>
          <line num="20" count="2" type="stmt"/>
          <line num="23" count="0" type="stmt"/>
          <line num="26" count="4" type="stmt"/>
          <line num="27" count="0" type="cond" truecount="0" falsecount="2"/>
          <line num="28" count="0" type="stmt"/>
          <line num="31" count="0" type="stmt"/>
          <line num="34" count="4" type="stmt"/>
          <line num="35" count="4" type="stmt"/>
          <line num="37" count="4" type="stmt"/>
          <line num="40" count="2" type="stmt"/>
          <line num="41" count="2" type="stmt"/>
          <line num="44" count="2" type="stmt"/>
          <line num="45" count="0" type="stmt"/>
          <line num="48" count="2" type="stmt"/>
          <line num="49" count="6" type="cond" truecount="2" falsecount="0"/>
          <line num="50" count="2" type="stmt"/>
          <line num="51" count="2" type="stmt"/>
          <line num="54" count="4" type="stmt"/>
          <line num="57" count="2" type="stmt"/>
          <line num="58" count="0" type="stmt"/>
          <line num="61" count="2" type="stmt"/>
        </file>
      </package>
    </metrics>
  </project>
</coverage>
