{"/home/ruan/projects/salic-minc/front/src/helpers/api/Foo.js": {"path":"/home/ruan/projects/salic-minc/front/src/helpers/api/Foo.js","statementMap":{"0":{"start":{"line":3,"column":18},"end":{"line":11,"column":1}},"1":{"start":{"line":4,"column":25},"end":{"line":4,"column":39}},"2":{"start":{"line":6,"column":4},"end":{"line":8,"column":7}},"3":{"start":{"line":7,"column":8},"end":{"line":7,"column":46}},"4":{"start":{"line":10,"column":4},"end":{"line":10,"column":24}},"5":{"start":{"line":13,"column":13},"end":{"line":13,"column":28}},"6":{"start":{"line":15,"column":32},"end":{"line":15,"column":58}},"7":{"start":{"line":15,"column":38},"end":{"line":15,"column":58}},"8":{"start":{"line":17,"column":29},"end":{"line":17,"column":79}},"9":{"start":{"line":17,"column":39},"end":{"line":17,"column":79}},"10":{"start":{"line":19,"column":33},"end":{"line":19,"column":97}},"11":{"start":{"line":19,"column":43},"end":{"line":19,"column":97}},"12":{"start":{"line":21,"column":31},"end":{"line":21,"column":79}},"13":{"start":{"line":21,"column":41},"end":{"line":21,"column":79}}},"fnMap":{"0":{"name":"(anonymous_0)","decl":{"start":{"line":3,"column":18},"end":{"line":3,"column":19}},"loc":{"start":{"line":3,"column":30},"end":{"line":11,"column":1}},"line":3},"1":{"name":"(anonymous_1)","decl":{"start":{"line":6,"column":32},"end":{"line":6,"column":33}},"loc":{"start":{"line":6,"column":41},"end":{"line":8,"column":5}},"line":6},"2":{"name":"(anonymous_2)","decl":{"start":{"line":15,"column":32},"end":{"line":15,"column":33}},"loc":{"start":{"line":15,"column":38},"end":{"line":15,"column":58}},"line":15},"3":{"name":"(anonymous_3)","decl":{"start":{"line":17,"column":29},"end":{"line":17,"column":30}},"loc":{"start":{"line":17,"column":39},"end":{"line":17,"column":79}},"line":17},"4":{"name":"(anonymous_4)","decl":{"start":{"line":19,"column":33},"end":{"line":19,"column":34}},"loc":{"start":{"line":19,"column":43},"end":{"line":19,"column":97}},"line":19},"5":{"name":"(anonymous_5)","decl":{"start":{"line":21,"column":31},"end":{"line":21,"column":32}},"loc":{"start":{"line":21,"column":41},"end":{"line":21,"column":79}},"line":21}},"branchMap":{},"s":{"0":1,"1":4,"2":4,"3":8,"4":4,"5":1,"6":1,"7":2,"8":1,"9":2,"10":1,"11":2,"12":1,"13":2},"f":{"0":4,"1":8,"2":2,"3":2,"4":2,"5":2},"b":{},"_coverageSchema":"332fd63041d2c1bcb487cc26dd0d5f7d97098a6c","hash":"7f0c9cadb36635c007d48c7915e90a889f1a7bf4"}
,"/home/ruan/projects/salic-minc/front/src/helpers/api/Projeto.js": {"path":"/home/ruan/projects/salic-minc/front/src/helpers/api/Projeto.js","statementMap":{"0":{"start":{"line":3,"column":13},"end":{"line":3,"column":52}},"1":{"start":{"line":5,"column":28},"end":{"line":8,"column":1}},"2":{"start":{"line":6,"column":24},"end":{"line":6,"column":47}},"3":{"start":{"line":7,"column":4},"end":{"line":7,"column":45}}},"fnMap":{"0":{"name":"(anonymous_0)","decl":{"start":{"line":5,"column":28},"end":{"line":5,"column":29}},"loc":{"start":{"line":5,"column":42},"end":{"line":8,"column":1}},"line":5}},"branchMap":{},"s":{"0":1,"1":1,"2":2,"3":2},"f":{"0":2},"b":{},"_coverageSchema":"332fd63041d2c1bcb487cc26dd0d5f7d97098a6c","hash":"895969e19dec692866c7f9962f77739ee5d55311"}
,"/home/ruan/projects/salic-minc/front/src/helpers/api/base/index.js": {"path":"/home/ruan/projects/salic-minc/front/src/helpers/api/base/index.js","statementMap":{"0":{"start":{"line":3,"column":26},"end":{"line":3,"column":88}},"1":{"start":{"line":3,"column":54},"end":{"line":3,"column":88}},"2":{"start":{"line":5,"column":27},"end":{"line":5,"column":65}},"3":{"start":{"line":5,"column":43},"end":{"line":5,"column":65}},"4":{"start":{"line":7,"column":26},"end":{"line":7,"column":95}},"5":{"start":{"line":7,"column":54},"end":{"line":7,"column":95}},"6":{"start":{"line":9,"column":29},"end":{"line":9,"column":72}},"7":{"start":{"line":9,"column":43},"end":{"line":9,"column":72}}},"fnMap":{"0":{"name":"(anonymous_0)","decl":{"start":{"line":3,"column":26},"end":{"line":3,"column":27}},"loc":{"start":{"line":3,"column":54},"end":{"line":3,"column":88}},"line":3},"1":{"name":"(anonymous_1)","decl":{"start":{"line":5,"column":27},"end":{"line":5,"column":28}},"loc":{"start":{"line":5,"column":43},"end":{"line":5,"column":65}},"line":5},"2":{"name":"(anonymous_2)","decl":{"start":{"line":7,"column":26},"end":{"line":7,"column":27}},"loc":{"start":{"line":7,"column":54},"end":{"line":7,"column":95}},"line":7},"3":{"name":"(anonymous_3)","decl":{"start":{"line":9,"column":29},"end":{"line":9,"column":30}},"loc":{"start":{"line":9,"column":43},"end":{"line":9,"column":72}},"line":9}},"branchMap":{"0":{"loc":{"start":{"line":3,"column":33},"end":{"line":3,"column":49}},"type":"default-arg","locations":[{"start":{"line":3,"column":47},"end":{"line":3,"column":49}}],"line":3}},"s":{"0":2,"1":4,"2":2,"3":2,"4":2,"5":2,"6":2,"7":2},"f":{"0":4,"1":2,"2":2,"3":2},"b":{"0":[2]},"_coverageSchema":"332fd63041d2c1bcb487cc26dd0d5f7d97098a6c","hash":"7f2593db29a111a4f56ce1c5749c1065b286a536"}
,"/home/ruan/projects/salic-minc/front/src/modules/foo/store/actions.js": {"path":"/home/ruan/projects/salic-minc/front/src/modules/foo/store/actions.js","statementMap":{"0":{"start":{"line":4,"column":32},"end":{"line":11,"column":1}},"1":{"start":{"line":5,"column":4},"end":{"line":10,"column":11}},"2":{"start":{"line":7,"column":25},"end":{"line":7,"column":38}},"3":{"start":{"line":8,"column":32},"end":{"line":8,"column":41}},"4":{"start":{"line":9,"column":12},"end":{"line":9,"column":60}},"5":{"start":{"line":13,"column":29},"end":{"line":20,"column":1}},"6":{"start":{"line":14,"column":4},"end":{"line":19,"column":11}},"7":{"start":{"line":16,"column":25},"end":{"line":16,"column":38}},"8":{"start":{"line":17,"column":29},"end":{"line":17,"column":38}},"9":{"start":{"line":18,"column":12},"end":{"line":18,"column":56}},"10":{"start":{"line":22,"column":33},"end":{"line":29,"column":1}},"11":{"start":{"line":23,"column":4},"end":{"line":28,"column":11}},"12":{"start":{"line":25,"column":25},"end":{"line":25,"column":38}},"13":{"start":{"line":26,"column":29},"end":{"line":26,"column":38}},"14":{"start":{"line":27,"column":12},"end":{"line":27,"column":62}},"15":{"start":{"line":31,"column":32},"end":{"line":33,"column":1}},"16":{"start":{"line":32,"column":4},"end":{"line":32,"column":47}},"17":{"start":{"line":35,"column":31},"end":{"line":40,"column":1}},"18":{"start":{"line":36,"column":4},"end":{"line":39,"column":11}},"19":{"start":{"line":38,"column":12},"end":{"line":38,"column":53}}},"fnMap":{"0":{"name":"(anonymous_0)","decl":{"start":{"line":4,"column":32},"end":{"line":4,"column":33}},"loc":{"start":{"line":4,"column":48},"end":{"line":11,"column":1}},"line":4},"1":{"name":"(anonymous_1)","decl":{"start":{"line":6,"column":14},"end":{"line":6,"column":15}},"loc":{"start":{"line":6,"column":28},"end":{"line":10,"column":9}},"line":6},"2":{"name":"(anonymous_2)","decl":{"start":{"line":13,"column":29},"end":{"line":13,"column":30}},"loc":{"start":{"line":13,"column":53},"end":{"line":20,"column":1}},"line":13},"3":{"name":"(anonymous_3)","decl":{"start":{"line":15,"column":14},"end":{"line":15,"column":15}},"loc":{"start":{"line":15,"column":28},"end":{"line":19,"column":9}},"line":15},"4":{"name":"(anonymous_4)","decl":{"start":{"line":22,"column":33},"end":{"line":22,"column":34}},"loc":{"start":{"line":22,"column":57},"end":{"line":29,"column":1}},"line":22},"5":{"name":"(anonymous_5)","decl":{"start":{"line":24,"column":14},"end":{"line":24,"column":15}},"loc":{"start":{"line":24,"column":28},"end":{"line":28,"column":9}},"line":24},"6":{"name":"(anonymous_6)","decl":{"start":{"line":31,"column":32},"end":{"line":31,"column":33}},"loc":{"start":{"line":31,"column":58},"end":{"line":33,"column":1}},"line":31},"7":{"name":"(anonymous_7)","decl":{"start":{"line":35,"column":31},"end":{"line":35,"column":32}},"loc":{"start":{"line":35,"column":57},"end":{"line":40,"column":1}},"line":35},"8":{"name":"(anonymous_8)","decl":{"start":{"line":37,"column":14},"end":{"line":37,"column":15}},"loc":{"start":{"line":37,"column":20},"end":{"line":39,"column":9}},"line":37}},"branchMap":{},"s":{"0":1,"1":2,"2":2,"3":2,"4":2,"5":1,"6":2,"7":2,"8":2,"9":2,"10":1,"11":2,"12":2,"13":2,"14":2,"15":1,"16":1,"17":1,"18":2,"19":2},"f":{"0":2,"1":2,"2":2,"3":2,"4":2,"5":2,"6":1,"7":2,"8":2},"b":{},"_coverageSchema":"332fd63041d2c1bcb487cc26dd0d5f7d97098a6c","hash":"77a396b102ded14c7781ea590eed45f63d6ec6b2"}
,"/home/ruan/projects/salic-minc/front/src/modules/foo/store/getters.js": {"path":"/home/ruan/projects/salic-minc/front/src/modules/foo/store/getters.js","statementMap":{"0":{"start":{"line":1,"column":27},"end":{"line":1,"column":53}},"1":{"start":{"line":1,"column":36},"end":{"line":1,"column":53}},"2":{"start":{"line":2,"column":24},"end":{"line":2,"column":52}},"3":{"start":{"line":2,"column":33},"end":{"line":2,"column":52}}},"fnMap":{"0":{"name":"(anonymous_0)","decl":{"start":{"line":1,"column":27},"end":{"line":1,"column":28}},"loc":{"start":{"line":1,"column":36},"end":{"line":1,"column":53}},"line":1},"1":{"name":"(anonymous_1)","decl":{"start":{"line":2,"column":24},"end":{"line":2,"column":25}},"loc":{"start":{"line":2,"column":33},"end":{"line":2,"column":52}},"line":2}},"branchMap":{},"s":{"0":1,"1":1,"2":1,"3":1},"f":{"0":1,"1":1},"b":{},"_coverageSchema":"332fd63041d2c1bcb487cc26dd0d5f7d97098a6c","hash":"5159c0dae0b473fdf2396045817a2b93aad2a47d"}
,"/home/ruan/projects/salic-minc/front/src/modules/foo/store/mutations.js": {"path":"/home/ruan/projects/salic-minc/front/src/modules/foo/store/mutations.js","statementMap":{"0":{"start":{"line":3,"column":21},"end":{"line":6,"column":1}},"1":{"start":{"line":8,"column":25},"end":{"line":36,"column":1}},"2":{"start":{"line":10,"column":8},"end":{"line":10,"column":40}},"3":{"start":{"line":13,"column":8},"end":{"line":13,"column":39}},"4":{"start":{"line":16,"column":8},"end":{"line":16,"column":41}},"5":{"start":{"line":19,"column":28},"end":{"line":19,"column":45}},"6":{"start":{"line":21,"column":8},"end":{"line":25,"column":11}},"7":{"start":{"line":22,"column":12},"end":{"line":24,"column":13}},"8":{"start":{"line":23,"column":16},"end":{"line":23,"column":61}},"9":{"start":{"line":28,"column":28},"end":{"line":28,"column":45}},"10":{"start":{"line":30,"column":8},"end":{"line":34,"column":11}},"11":{"start":{"line":31,"column":12},"end":{"line":33,"column":13}},"12":{"start":{"line":32,"column":16},"end":{"line":32,"column":51}}},"fnMap":{"0":{"name":"(anonymous_0)","decl":{"start":{"line":21,"column":28},"end":{"line":21,"column":29}},"loc":{"start":{"line":21,"column":46},"end":{"line":25,"column":9}},"line":21},"1":{"name":"(anonymous_1)","decl":{"start":{"line":30,"column":28},"end":{"line":30,"column":29}},"loc":{"start":{"line":30,"column":46},"end":{"line":34,"column":9}},"line":30}},"branchMap":{"0":{"loc":{"start":{"line":22,"column":12},"end":{"line":24,"column":13}},"type":"if","locations":[{"start":{"line":22,"column":12},"end":{"line":24,"column":13}},{"start":{"line":22,"column":12},"end":{"line":24,"column":13}}],"line":22},"1":{"loc":{"start":{"line":31,"column":12},"end":{"line":33,"column":13}},"type":"if","locations":[{"start":{"line":31,"column":12},"end":{"line":33,"column":13}},{"start":{"line":31,"column":12},"end":{"line":33,"column":13}}],"line":31}},"s":{"0":1,"1":1,"2":1,"3":1,"4":1,"5":1,"6":1,"7":1,"8":1,"9":1,"10":1,"11":1,"12":1},"f":{"0":1,"1":1},"b":{"0":[1,0],"1":[1,0]},"_coverageSchema":"332fd63041d2c1bcb487cc26dd0d5f7d97098a6c","hash":"79c2f362569603515932b0fa7eff0e7ffa257339"}
,"/home/ruan/projects/salic-minc/front/src/modules/foo/store/types.js": {"path":"/home/ruan/projects/salic-minc/front/src/modules/foo/store/types.js","statementMap":{"0":{"start":{"line":1,"column":36},"end":{"line":1,"column":58}},"1":{"start":{"line":2,"column":35},"end":{"line":2,"column":56}},"2":{"start":{"line":3,"column":34},"end":{"line":3,"column":54}},"3":{"start":{"line":4,"column":41},"end":{"line":4,"column":68}},"4":{"start":{"line":5,"column":32},"end":{"line":5,"column":50}}},"fnMap":{},"branchMap":{},"s":{"0":3,"1":3,"2":3,"3":3,"4":3},"f":{},"b":{},"_coverageSchema":"332fd63041d2c1bcb487cc26dd0d5f7d97098a6c","hash":"0385cf8643abb82e221011dcd22fce1e8b424b68"}
,"/home/ruan/projects/salic-minc/front/src/modules/projeto/store/actions.js": {"path":"/home/ruan/projects/salic-minc/front/src/modules/projeto/store/actions.js","statementMap":{"0":{"start":{"line":5,"column":28},"end":{"line":12,"column":1}},"1":{"start":{"line":6,"column":4},"end":{"line":11,"column":11}},"2":{"start":{"line":8,"column":25},"end":{"line":8,"column":38}},"3":{"start":{"line":9,"column":28},"end":{"line":9,"column":37}},"4":{"start":{"line":10,"column":12},"end":{"line":10,"column":47}}},"fnMap":{"0":{"name":"(anonymous_0)","decl":{"start":{"line":5,"column":28},"end":{"line":5,"column":29}},"loc":{"start":{"line":5,"column":54},"end":{"line":12,"column":1}},"line":5},"1":{"name":"(anonymous_1)","decl":{"start":{"line":7,"column":14},"end":{"line":7,"column":15}},"loc":{"start":{"line":7,"column":28},"end":{"line":11,"column":9}},"line":7}},"branchMap":{},"s":{"0":1,"1":2,"2":2,"3":2,"4":2},"f":{"0":2,"1":2},"b":{},"_coverageSchema":"332fd63041d2c1bcb487cc26dd0d5f7d97098a6c","hash":"28aa46380948cac938a902fb390921c979ae110f"}
,"/home/ruan/projects/salic-minc/front/src/modules/projeto/store/getters.js": {"path":"/home/ruan/projects/salic-minc/front/src/modules/projeto/store/getters.js","statementMap":{"0":{"start":{"line":1,"column":23},"end":{"line":1,"column":45}},"1":{"start":{"line":1,"column":32},"end":{"line":1,"column":45}}},"fnMap":{"0":{"name":"(anonymous_0)","decl":{"start":{"line":1,"column":23},"end":{"line":1,"column":24}},"loc":{"start":{"line":1,"column":32},"end":{"line":1,"column":45}},"line":1}},"branchMap":{},"s":{"0":1,"1":1},"f":{"0":1},"b":{},"_coverageSchema":"332fd63041d2c1bcb487cc26dd0d5f7d97098a6c","hash":"0c8a29e8eb3616da4acbe3cd60d78b8d3136b3c7"}
,"/home/ruan/projects/salic-minc/front/src/modules/projeto/store/mutations.js": {"path":"/home/ruan/projects/salic-minc/front/src/modules/projeto/store/mutations.js","statementMap":{"0":{"start":{"line":3,"column":21},"end":{"line":5,"column":1}},"1":{"start":{"line":7,"column":25},"end":{"line":11,"column":1}},"2":{"start":{"line":9,"column":8},"end":{"line":9,"column":32}}},"fnMap":{},"branchMap":{},"s":{"0":1,"1":1,"2":1},"f":{},"b":{},"_coverageSchema":"332fd63041d2c1bcb487cc26dd0d5f7d97098a6c","hash":"108a9489bfbe46cbbb894c3ecdb4c37513505e24"}
,"/home/ruan/projects/salic-minc/front/src/modules/projeto/store/types.js": {"path":"/home/ruan/projects/salic-minc/front/src/modules/projeto/store/types.js","statementMap":{"0":{"start":{"line":1,"column":27},"end":{"line":1,"column":40}}},"fnMap":{},"branchMap":{},"s":{"0":3},"f":{},"b":{},"_coverageSchema":"332fd63041d2c1bcb487cc26dd0d5f7d97098a6c","hash":"c51ee9f5879001d7c44e667b2a35e2f670df5d6f"}
,"/home/ruan/projects/salic-minc/front/test/unit/setup.js": {"path":"/home/ruan/projects/salic-minc/front/test/unit/setup.js","statementMap":{"0":{"start":{"line":3,"column":0},"end":{"line":3,"column":32}}},"fnMap":{},"branchMap":{},"s":{"0":9},"f":{},"b":{},"_coverageSchema":"332fd63041d2c1bcb487cc26dd0d5f7d97098a6c","hash":"b11396b96c3ab84f56ca7e3b8610fdfc45506ce1"}
}
