{"/home/ruan/projects/salic-minc/front/src/helpers/api/Foo.js": {"path":"/home/ruan/projects/salic-minc/front/src/helpers/api/Foo.js","statementMap":{"0":{"start":{"line":3,"column":18},"end":{"line":11,"column":1}},"1":{"start":{"line":4,"column":25},"end":{"line":4,"column":39}},"2":{"start":{"line":6,"column":4},"end":{"line":8,"column":7}},"3":{"start":{"line":7,"column":8},"end":{"line":7,"column":46}},"4":{"start":{"line":10,"column":4},"end":{"line":10,"column":24}},"5":{"start":{"line":13,"column":12},"end":{"line":13,"column":42}},"6":{"start":{"line":13,"column":18},"end":{"line":13,"column":42}},"7":{"start":{"line":15,"column":32},"end":{"line":15,"column":49}},"8":{"start":{"line":15,"column":38},"end":{"line":15,"column":49}},"9":{"start":{"line":17,"column":29},"end":{"line":17,"column":68}},"10":{"start":{"line":17,"column":39},"end":{"line":17,"column":68}},"11":{"start":{"line":19,"column":33},"end":{"line":19,"column":86}},"12":{"start":{"line":19,"column":43},"end":{"line":19,"column":86}},"13":{"start":{"line":21,"column":31},"end":{"line":21,"column":68}},"14":{"start":{"line":21,"column":41},"end":{"line":21,"column":68}}},"fnMap":{"0":{"name":"(anonymous_0)","decl":{"start":{"line":3,"column":18},"end":{"line":3,"column":19}},"loc":{"start":{"line":3,"column":30},"end":{"line":11,"column":1}},"line":3},"1":{"name":"(anonymous_1)","decl":{"start":{"line":6,"column":32},"end":{"line":6,"column":33}},"loc":{"start":{"line":6,"column":41},"end":{"line":8,"column":5}},"line":6},"2":{"name":"(anonymous_2)","decl":{"start":{"line":13,"column":12},"end":{"line":13,"column":13}},"loc":{"start":{"line":13,"column":18},"end":{"line":13,"column":42}},"line":13},"3":{"name":"(anonymous_3)","decl":{"start":{"line":15,"column":32},"end":{"line":15,"column":33}},"loc":{"start":{"line":15,"column":38},"end":{"line":15,"column":49}},"line":15},"4":{"name":"(anonymous_4)","decl":{"start":{"line":17,"column":29},"end":{"line":17,"column":30}},"loc":{"start":{"line":17,"column":39},"end":{"line":17,"column":68}},"line":17},"5":{"name":"(anonymous_5)","decl":{"start":{"line":19,"column":33},"end":{"line":19,"column":34}},"loc":{"start":{"line":19,"column":43},"end":{"line":19,"column":86}},"line":19},"6":{"name":"(anonymous_6)","decl":{"start":{"line":21,"column":31},"end":{"line":21,"column":32}},"loc":{"start":{"line":21,"column":41},"end":{"line":21,"column":68}},"line":21}},"branchMap":{},"s":{"0":1,"1":3,"2":3,"3":5,"4":3,"5":1,"6":6,"7":1,"8":0,"9":1,"10":3,"11":1,"12":0,"13":1,"14":3},"f":{"0":3,"1":5,"2":6,"3":0,"4":3,"5":0,"6":3},"b":{},"_coverageSchema":"332fd63041d2c1bcb487cc26dd0d5f7d97098a6c","hash":"9a2459000de534e5438b10de1173c36843c7e6db"}
,"/home/ruan/projects/salic-minc/front/src/helpers/api/Projeto.js": {"path":"/home/ruan/projects/salic-minc/front/src/helpers/api/Projeto.js","statementMap":{"0":{"start":{"line":3,"column":12},"end":{"line":3,"column":66}},"1":{"start":{"line":3,"column":18},"end":{"line":3,"column":66}},"2":{"start":{"line":5,"column":28},"end":{"line":8,"column":1}},"3":{"start":{"line":6,"column":24},"end":{"line":6,"column":47}},"4":{"start":{"line":7,"column":4},"end":{"line":7,"column":34}}},"fnMap":{"0":{"name":"(anonymous_0)","decl":{"start":{"line":3,"column":12},"end":{"line":3,"column":13}},"loc":{"start":{"line":3,"column":18},"end":{"line":3,"column":66}},"line":3},"1":{"name":"(anonymous_1)","decl":{"start":{"line":5,"column":28},"end":{"line":5,"column":29}},"loc":{"start":{"line":5,"column":42},"end":{"line":8,"column":1}},"line":5}},"branchMap":{},"s":{"0":1,"1":2,"2":1,"3":2,"4":2},"f":{"0":2,"1":2},"b":{},"_coverageSchema":"332fd63041d2c1bcb487cc26dd0d5f7d97098a6c","hash":"15f114123578fbc1d54006cfecd05079d011ebb9"}
,"/home/ruan/projects/salic-minc/front/src/helpers/api/base/index.js": {"path":"/home/ruan/projects/salic-minc/front/src/helpers/api/base/index.js","statementMap":{"0":{"start":{"line":5,"column":8},"end":{"line":5,"column":25}},"1":{"start":{"line":9,"column":8},"end":{"line":9,"column":55}},"2":{"start":{"line":13,"column":8},"end":{"line":13,"column":43}},"3":{"start":{"line":17,"column":8},"end":{"line":17,"column":62}},"4":{"start":{"line":21,"column":8},"end":{"line":21,"column":50}}},"fnMap":{"0":{"name":"(anonymous_0)","decl":{"start":{"line":4,"column":4},"end":{"line":4,"column":5}},"loc":{"start":{"line":4,"column":22},"end":{"line":6,"column":5}},"line":4},"1":{"name":"(anonymous_1)","decl":{"start":{"line":8,"column":4},"end":{"line":8,"column":5}},"loc":{"start":{"line":8,"column":26},"end":{"line":10,"column":5}},"line":8},"2":{"name":"(anonymous_2)","decl":{"start":{"line":12,"column":4},"end":{"line":12,"column":5}},"loc":{"start":{"line":12,"column":15},"end":{"line":14,"column":5}},"line":12},"3":{"name":"(anonymous_3)","decl":{"start":{"line":16,"column":4},"end":{"line":16,"column":5}},"loc":{"start":{"line":16,"column":26},"end":{"line":18,"column":5}},"line":16},"4":{"name":"(anonymous_4)","decl":{"start":{"line":20,"column":4},"end":{"line":20,"column":5}},"loc":{"start":{"line":20,"column":15},"end":{"line":22,"column":5}},"line":20}},"branchMap":{"0":{"loc":{"start":{"line":8,"column":8},"end":{"line":8,"column":24}},"type":"default-arg","locations":[{"start":{"line":8,"column":22},"end":{"line":8,"column":24}}],"line":8}},"s":{"0":8,"1":0,"2":3,"3":0,"4":3},"f":{"0":8,"1":0,"2":3,"3":0,"4":3},"b":{"0":[0]},"_coverageSchema":"332fd63041d2c1bcb487cc26dd0d5f7d97098a6c","hash":"bcef548ff8bdd3258165c7cf0b355400767096f7"}
,"/home/ruan/projects/salic-minc/front/src/modules/foo/store/actions.js": {"path":"/home/ruan/projects/salic-minc/front/src/modules/foo/store/actions.js","statementMap":{"0":{"start":{"line":4,"column":32},"end":{"line":11,"column":1}},"1":{"start":{"line":5,"column":4},"end":{"line":10,"column":11}},"2":{"start":{"line":7,"column":25},"end":{"line":7,"column":38}},"3":{"start":{"line":8,"column":32},"end":{"line":8,"column":41}},"4":{"start":{"line":9,"column":12},"end":{"line":9,"column":60}},"5":{"start":{"line":13,"column":29},"end":{"line":20,"column":1}},"6":{"start":{"line":14,"column":4},"end":{"line":19,"column":11}},"7":{"start":{"line":16,"column":25},"end":{"line":16,"column":38}},"8":{"start":{"line":17,"column":29},"end":{"line":17,"column":38}},"9":{"start":{"line":18,"column":12},"end":{"line":18,"column":56}},"10":{"start":{"line":22,"column":33},"end":{"line":29,"column":1}},"11":{"start":{"line":23,"column":4},"end":{"line":28,"column":11}},"12":{"start":{"line":25,"column":25},"end":{"line":25,"column":38}},"13":{"start":{"line":26,"column":29},"end":{"line":26,"column":38}},"14":{"start":{"line":27,"column":12},"end":{"line":27,"column":62}},"15":{"start":{"line":31,"column":32},"end":{"line":33,"column":1}},"16":{"start":{"line":32,"column":4},"end":{"line":32,"column":47}},"17":{"start":{"line":35,"column":31},"end":{"line":42,"column":1}},"18":{"start":{"line":36,"column":4},"end":{"line":41,"column":11}},"19":{"start":{"line":38,"column":12},"end":{"line":38,"column":38}},"20":{"start":{"line":39,"column":12},"end":{"line":39,"column":34}},"21":{"start":{"line":40,"column":12},"end":{"line":40,"column":53}}},"fnMap":{"0":{"name":"(anonymous_0)","decl":{"start":{"line":4,"column":32},"end":{"line":4,"column":33}},"loc":{"start":{"line":4,"column":48},"end":{"line":11,"column":1}},"line":4},"1":{"name":"(anonymous_1)","decl":{"start":{"line":6,"column":14},"end":{"line":6,"column":15}},"loc":{"start":{"line":6,"column":28},"end":{"line":10,"column":9}},"line":6},"2":{"name":"(anonymous_2)","decl":{"start":{"line":13,"column":29},"end":{"line":13,"column":30}},"loc":{"start":{"line":13,"column":53},"end":{"line":20,"column":1}},"line":13},"3":{"name":"(anonymous_3)","decl":{"start":{"line":15,"column":14},"end":{"line":15,"column":15}},"loc":{"start":{"line":15,"column":28},"end":{"line":19,"column":9}},"line":15},"4":{"name":"(anonymous_4)","decl":{"start":{"line":22,"column":33},"end":{"line":22,"column":34}},"loc":{"start":{"line":22,"column":57},"end":{"line":29,"column":1}},"line":22},"5":{"name":"(anonymous_5)","decl":{"start":{"line":24,"column":14},"end":{"line":24,"column":15}},"loc":{"start":{"line":24,"column":28},"end":{"line":28,"column":9}},"line":24},"6":{"name":"(anonymous_6)","decl":{"start":{"line":31,"column":32},"end":{"line":31,"column":33}},"loc":{"start":{"line":31,"column":58},"end":{"line":33,"column":1}},"line":31},"7":{"name":"(anonymous_7)","decl":{"start":{"line":35,"column":31},"end":{"line":35,"column":32}},"loc":{"start":{"line":35,"column":57},"end":{"line":42,"column":1}},"line":35},"8":{"name":"(anonymous_8)","decl":{"start":{"line":37,"column":14},"end":{"line":37,"column":15}},"loc":{"start":{"line":37,"column":28},"end":{"line":41,"column":9}},"line":37}},"branchMap":{},"s":{"0":1,"1":0,"2":0,"3":0,"4":0,"5":1,"6":3,"7":3,"8":3,"9":3,"10":1,"11":0,"12":0,"13":0,"14":0,"15":1,"16":1,"17":1,"18":3,"19":3,"20":3,"21":3},"f":{"0":0,"1":0,"2":3,"3":3,"4":0,"5":0,"6":1,"7":3,"8":3},"b":{},"_coverageSchema":"332fd63041d2c1bcb487cc26dd0d5f7d97098a6c","hash":"ee0fd4ac6636b31fde7cadc52b3b6cda3a1c4319"}
,"/home/ruan/projects/salic-minc/front/src/modules/foo/store/getters.js": {"path":"/home/ruan/projects/salic-minc/front/src/modules/foo/store/getters.js","statementMap":{"0":{"start":{"line":1,"column":27},"end":{"line":1,"column":53}},"1":{"start":{"line":1,"column":36},"end":{"line":1,"column":53}},"2":{"start":{"line":2,"column":24},"end":{"line":2,"column":52}},"3":{"start":{"line":2,"column":33},"end":{"line":2,"column":52}}},"fnMap":{"0":{"name":"(anonymous_0)","decl":{"start":{"line":1,"column":27},"end":{"line":1,"column":28}},"loc":{"start":{"line":1,"column":36},"end":{"line":1,"column":53}},"line":1},"1":{"name":"(anonymous_1)","decl":{"start":{"line":2,"column":24},"end":{"line":2,"column":25}},"loc":{"start":{"line":2,"column":33},"end":{"line":2,"column":52}},"line":2}},"branchMap":{},"s":{"0":1,"1":1,"2":1,"3":1},"f":{"0":1,"1":1},"b":{},"_coverageSchema":"332fd63041d2c1bcb487cc26dd0d5f7d97098a6c","hash":"5159c0dae0b473fdf2396045817a2b93aad2a47d"}
,"/home/ruan/projects/salic-minc/front/src/modules/foo/store/mutations.js": {"path":"/home/ruan/projects/salic-minc/front/src/modules/foo/store/mutations.js","statementMap":{"0":{"start":{"line":3,"column":21},"end":{"line":6,"column":1}},"1":{"start":{"line":8,"column":25},"end":{"line":36,"column":1}},"2":{"start":{"line":10,"column":8},"end":{"line":10,"column":40}},"3":{"start":{"line":13,"column":8},"end":{"line":13,"column":39}},"4":{"start":{"line":16,"column":8},"end":{"line":16,"column":41}},"5":{"start":{"line":19,"column":28},"end":{"line":19,"column":45}},"6":{"start":{"line":21,"column":8},"end":{"line":25,"column":11}},"7":{"start":{"line":22,"column":12},"end":{"line":24,"column":13}},"8":{"start":{"line":23,"column":16},"end":{"line":23,"column":61}},"9":{"start":{"line":28,"column":28},"end":{"line":28,"column":45}},"10":{"start":{"line":30,"column":8},"end":{"line":34,"column":11}},"11":{"start":{"line":31,"column":12},"end":{"line":33,"column":13}},"12":{"start":{"line":32,"column":16},"end":{"line":32,"column":51}}},"fnMap":{"0":{"name":"(anonymous_0)","decl":{"start":{"line":21,"column":28},"end":{"line":21,"column":29}},"loc":{"start":{"line":21,"column":46},"end":{"line":25,"column":9}},"line":21},"1":{"name":"(anonymous_1)","decl":{"start":{"line":30,"column":28},"end":{"line":30,"column":29}},"loc":{"start":{"line":30,"column":46},"end":{"line":34,"column":9}},"line":30}},"branchMap":{"0":{"loc":{"start":{"line":22,"column":12},"end":{"line":24,"column":13}},"type":"if","locations":[{"start":{"line":22,"column":12},"end":{"line":24,"column":13}},{"start":{"line":22,"column":12},"end":{"line":24,"column":13}}],"line":22},"1":{"loc":{"start":{"line":31,"column":12},"end":{"line":33,"column":13}},"type":"if","locations":[{"start":{"line":31,"column":12},"end":{"line":33,"column":13}},{"start":{"line":31,"column":12},"end":{"line":33,"column":13}}],"line":31}},"s":{"0":1,"1":1,"2":1,"3":1,"4":1,"5":1,"6":1,"7":1,"8":1,"9":1,"10":1,"11":1,"12":1},"f":{"0":1,"1":1},"b":{"0":[1,0],"1":[1,0]},"_coverageSchema":"332fd63041d2c1bcb487cc26dd0d5f7d97098a6c","hash":"79c2f362569603515932b0fa7eff0e7ffa257339"}
,"/home/ruan/projects/salic-minc/front/src/modules/foo/store/types.js": {"path":"/home/ruan/projects/salic-minc/front/src/modules/foo/store/types.js","statementMap":{"0":{"start":{"line":1,"column":36},"end":{"line":1,"column":58}},"1":{"start":{"line":2,"column":35},"end":{"line":2,"column":56}},"2":{"start":{"line":3,"column":34},"end":{"line":3,"column":54}},"3":{"start":{"line":4,"column":41},"end":{"line":4,"column":68}},"4":{"start":{"line":5,"column":32},"end":{"line":5,"column":50}}},"fnMap":{},"branchMap":{},"s":{"0":3,"1":3,"2":3,"3":3,"4":3},"f":{},"b":{},"_coverageSchema":"332fd63041d2c1bcb487cc26dd0d5f7d97098a6c","hash":"0385cf8643abb82e221011dcd22fce1e8b424b68"}
,"/home/ruan/projects/salic-minc/front/src/modules/projeto/store/actions.js": {"path":"/home/ruan/projects/salic-minc/front/src/modules/projeto/store/actions.js","statementMap":{"0":{"start":{"line":5,"column":28},"end":{"line":12,"column":1}},"1":{"start":{"line":6,"column":4},"end":{"line":11,"column":11}},"2":{"start":{"line":8,"column":25},"end":{"line":8,"column":38}},"3":{"start":{"line":9,"column":28},"end":{"line":9,"column":37}},"4":{"start":{"line":10,"column":12},"end":{"line":10,"column":47}}},"fnMap":{"0":{"name":"(anonymous_0)","decl":{"start":{"line":5,"column":28},"end":{"line":5,"column":29}},"loc":{"start":{"line":5,"column":54},"end":{"line":12,"column":1}},"line":5},"1":{"name":"(anonymous_1)","decl":{"start":{"line":7,"column":14},"end":{"line":7,"column":15}},"loc":{"start":{"line":7,"column":28},"end":{"line":11,"column":9}},"line":7}},"branchMap":{},"s":{"0":1,"1":2,"2":2,"3":2,"4":2},"f":{"0":2,"1":2},"b":{},"_coverageSchema":"332fd63041d2c1bcb487cc26dd0d5f7d97098a6c","hash":"28aa46380948cac938a902fb390921c979ae110f"}
,"/home/ruan/projects/salic-minc/front/src/modules/projeto/store/getters.js": {"path":"/home/ruan/projects/salic-minc/front/src/modules/projeto/store/getters.js","statementMap":{"0":{"start":{"line":1,"column":23},"end":{"line":1,"column":45}},"1":{"start":{"line":1,"column":32},"end":{"line":1,"column":45}}},"fnMap":{"0":{"name":"(anonymous_0)","decl":{"start":{"line":1,"column":23},"end":{"line":1,"column":24}},"loc":{"start":{"line":1,"column":32},"end":{"line":1,"column":45}},"line":1}},"branchMap":{},"s":{"0":1,"1":1},"f":{"0":1},"b":{},"_coverageSchema":"332fd63041d2c1bcb487cc26dd0d5f7d97098a6c","hash":"0c8a29e8eb3616da4acbe3cd60d78b8d3136b3c7"}
,"/home/ruan/projects/salic-minc/front/src/modules/projeto/store/mutations.js": {"path":"/home/ruan/projects/salic-minc/front/src/modules/projeto/store/mutations.js","statementMap":{"0":{"start":{"line":3,"column":21},"end":{"line":5,"column":1}},"1":{"start":{"line":7,"column":25},"end":{"line":11,"column":1}},"2":{"start":{"line":9,"column":8},"end":{"line":9,"column":32}}},"fnMap":{},"branchMap":{},"s":{"0":1,"1":1,"2":1},"f":{},"b":{},"_coverageSchema":"332fd63041d2c1bcb487cc26dd0d5f7d97098a6c","hash":"108a9489bfbe46cbbb894c3ecdb4c37513505e24"}
,"/home/ruan/projects/salic-minc/front/src/modules/projeto/store/types.js": {"path":"/home/ruan/projects/salic-minc/front/src/modules/projeto/store/types.js","statementMap":{"0":{"start":{"line":1,"column":27},"end":{"line":1,"column":40}}},"fnMap":{},"branchMap":{},"s":{"0":3},"f":{},"b":{},"_coverageSchema":"332fd63041d2c1bcb487cc26dd0d5f7d97098a6c","hash":"c51ee9f5879001d7c44e667b2a35e2f670df5d6f"}
,"/home/ruan/projects/salic-minc/front/test/unit/setup.js": {"path":"/home/ruan/projects/salic-minc/front/test/unit/setup.js","statementMap":{"0":{"start":{"line":3,"column":0},"end":{"line":3,"column":32}}},"fnMap":{},"branchMap":{},"s":{"0":9},"f":{},"b":{},"_coverageSchema":"332fd63041d2c1bcb487cc26dd0d5f7d97098a6c","hash":"b11396b96c3ab84f56ca7e3b8610fdfc45506ce1"}
,"/home/ruan/projects/salic-minc/front/test/unit/helpers/api.js": {"path":"/home/ruan/projects/salic-minc/front/test/unit/helpers/api.js","statementMap":{"0":{"start":{"line":6,"column":20},"end":{"line":8,"column":1}},"1":{"start":{"line":10,"column":19},"end":{"line":38,"column":1}},"2":{"start":{"line":11,"column":18},"end":{"line":11,"column":20}},"3":{"start":{"line":13,"column":2},"end":{"line":24,"column":4}},"4":{"start":{"line":14,"column":4},"end":{"line":17,"column":5}},"5":{"start":{"line":15,"column":6},"end":{"line":15,"column":49}},"6":{"start":{"line":16,"column":6},"end":{"line":16,"column":55}},"7":{"start":{"line":19,"column":4},"end":{"line":21,"column":5}},"8":{"start":{"line":20,"column":6},"end":{"line":20,"column":65}},"9":{"start":{"line":23,"column":4},"end":{"line":23,"column":53}},"10":{"start":{"line":26,"column":2},"end":{"line":32,"column":4}},"11":{"start":{"line":27,"column":4},"end":{"line":29,"column":5}},"12":{"start":{"line":28,"column":6},"end":{"line":28,"column":65}},"13":{"start":{"line":31,"column":4},"end":{"line":31,"column":53}},"14":{"start":{"line":34,"column":2},"end":{"line":34,"column":18}},"15":{"start":{"line":35,"column":2},"end":{"line":35,"column":15}},"16":{"start":{"line":37,"column":2},"end":{"line":37,"column":17}},"17":{"start":{"line":40,"column":22},"end":{"line":42,"column":1}},"18":{"start":{"line":41,"column":2},"end":{"line":41,"column":41}},"19":{"start":{"line":41,"column":28},"end":{"line":41,"column":40}},"20":{"start":{"line":44,"column":23},"end":{"line":46,"column":1}},"21":{"start":{"line":45,"column":2},"end":{"line":45,"column":38}},"22":{"start":{"line":48,"column":27},"end":{"line":55,"column":1}},"23":{"start":{"line":49,"column":2},"end":{"line":52,"column":3}},"24":{"start":{"line":50,"column":4},"end":{"line":50,"column":24}},"25":{"start":{"line":51,"column":4},"end":{"line":51,"column":11}},"26":{"start":{"line":54,"column":2},"end":{"line":54,"column":18}},"27":{"start":{"line":57,"column":24},"end":{"line":59,"column":1}},"28":{"start":{"line":58,"column":2},"end":{"line":58,"column":15}},"29":{"start":{"line":61,"column":0},"end":{"line":61,"column":9}}},"fnMap":{"0":{"name":"(anonymous_0)","decl":{"start":{"line":10,"column":19},"end":{"line":10,"column":20}},"loc":{"start":{"line":10,"column":73},"end":{"line":38,"column":1}},"line":10},"1":{"name":"(anonymous_1)","decl":{"start":{"line":13,"column":17},"end":{"line":13,"column":18}},"loc":{"start":{"line":13,"column":31},"end":{"line":24,"column":3}},"line":13},"2":{"name":"(anonymous_2)","decl":{"start":{"line":26,"column":18},"end":{"line":26,"column":19}},"loc":{"start":{"line":26,"column":32},"end":{"line":32,"column":3}},"line":26},"3":{"name":"(anonymous_3)","decl":{"start":{"line":40,"column":22},"end":{"line":40,"column":23}},"loc":{"start":{"line":40,"column":28},"end":{"line":42,"column":1}},"line":40},"4":{"name":"(anonymous_4)","decl":{"start":{"line":41,"column":22},"end":{"line":41,"column":23}},"loc":{"start":{"line":41,"column":28},"end":{"line":41,"column":40}},"line":41},"5":{"name":"(anonymous_5)","decl":{"start":{"line":44,"column":23},"end":{"line":44,"column":24}},"loc":{"start":{"line":44,"column":29},"end":{"line":46,"column":1}},"line":44},"6":{"name":"(anonymous_6)","decl":{"start":{"line":48,"column":27},"end":{"line":48,"column":28}},"loc":{"start":{"line":48,"column":37},"end":{"line":55,"column":1}},"line":48},"7":{"name":"(anonymous_7)","decl":{"start":{"line":57,"column":24},"end":{"line":57,"column":25}},"loc":{"start":{"line":57,"column":34},"end":{"line":59,"column":1}},"line":57}},"branchMap":{"0":{"loc":{"start":{"line":10,"column":20},"end":{"line":10,"column":46}},"type":"default-arg","locations":[{"start":{"line":10,"column":38},"end":{"line":10,"column":46}}],"line":10},"1":{"loc":{"start":{"line":10,"column":48},"end":{"line":10,"column":68}},"type":"default-arg","locations":[{"start":{"line":10,"column":63},"end":{"line":10,"column":68}}],"line":10},"2":{"loc":{"start":{"line":14,"column":4},"end":{"line":17,"column":5}},"type":"if","locations":[{"start":{"line":14,"column":4},"end":{"line":17,"column":5}},{"start":{"line":14,"column":4},"end":{"line":17,"column":5}}],"line":14},"3":{"loc":{"start":{"line":14,"column":8},"end":{"line":14,"column":60}},"type":"binary-expr","locations":[{"start":{"line":14,"column":8},"end":{"line":14,"column":29}},{"start":{"line":14,"column":33},"end":{"line":14,"column":60}}],"line":14},"4":{"loc":{"start":{"line":19,"column":4},"end":{"line":21,"column":5}},"type":"if","locations":[{"start":{"line":19,"column":4},"end":{"line":21,"column":5}},{"start":{"line":19,"column":4},"end":{"line":21,"column":5}}],"line":19},"5":{"loc":{"start":{"line":27,"column":4},"end":{"line":29,"column":5}},"type":"if","locations":[{"start":{"line":27,"column":4},"end":{"line":29,"column":5}},{"start":{"line":27,"column":4},"end":{"line":29,"column":5}}],"line":27},"6":{"loc":{"start":{"line":49,"column":2},"end":{"line":52,"column":3}},"type":"if","locations":[{"start":{"line":49,"column":2},"end":{"line":52,"column":3}},{"start":{"line":49,"column":2},"end":{"line":52,"column":3}}],"line":49}},"s":{"0":2,"1":2,"2":4,"3":4,"4":2,"5":0,"6":0,"7":2,"8":2,"9":0,"10":4,"11":0,"12":0,"13":0,"14":4,"15":4,"16":4,"17":2,"18":2,"19":2,"20":2,"21":0,"22":2,"23":6,"24":2,"25":2,"26":4,"27":2,"28":0,"29":2},"f":{"0":4,"1":2,"2":0,"3":2,"4":2,"5":0,"6":6,"7":0},"b":{"0":[4],"1":[3],"2":[0,2],"3":[2,2],"4":[2,0],"5":[0,0],"6":[2,4]},"_coverageSchema":"332fd63041d2c1bcb487cc26dd0d5f7d97098a6c","hash":"b6c52b1faea0f9562ff58e42aa7b5d63f86b3dc5"}
}
