TN:
SF:/home/ruan/projects/salic-minc/front/src/helpers/api/Foo.js
FN:3,(anonymous_0)
FN:6,(anonymous_1)
FN:13,(anonymous_2)
FN:15,(anonymous_3)
FN:17,(anonymous_4)
FN:19,(anonymous_5)
FN:21,(anonymous_6)
FNF:7
FNH:5
FNDA:3,(anonymous_0)
FNDA:5,(anonymous_1)
FNDA:6,(anonymous_2)
FNDA:0,(anonymous_3)
FNDA:3,(anonymous_4)
FNDA:0,(anonymous_5)
FNDA:3,(anonymous_6)
DA:3,1
DA:4,3
DA:6,3
DA:7,5
DA:10,3
DA:13,6
DA:15,1
DA:17,3
DA:19,1
DA:21,3
LF:10
LH:10
BRF:0
BRH:0
end_of_record
TN:
SF:/home/ruan/projects/salic-minc/front/src/helpers/api/Projeto.js
FN:3,(anonymous_0)
FN:5,(anonymous_1)
FNF:2
FNH:2
FNDA:2,(anonymous_0)
FNDA:2,(anonymous_1)
DA:3,2
DA:5,1
DA:6,2
DA:7,2
LF:4
LH:4
BRF:0
BRH:0
end_of_record
TN:
SF:/home/ruan/projects/salic-minc/front/src/helpers/api/base/index.js
FN:4,(anonymous_0)
FN:8,(anonymous_1)
FN:12,(anonymous_2)
FN:16,(anonymous_3)
FN:20,(anonymous_4)
FNF:5
FNH:3
FNDA:8,(anonymous_0)
FNDA:0,(anonymous_1)
FNDA:3,(anonymous_2)
FNDA:0,(anonymous_3)
FNDA:3,(anonymous_4)
DA:5,8
DA:9,0
DA:13,3
DA:17,0
DA:21,3
LF:5
LH:3
BRDA:8,0,0,0
BRF:1
BRH:0
end_of_record
TN:
SF:/home/ruan/projects/salic-minc/front/src/modules/foo/store/actions.js
FN:4,(anonymous_0)
FN:6,(anonymous_1)
FN:13,(anonymous_2)
FN:15,(anonymous_3)
FN:22,(anonymous_4)
FN:24,(anonymous_5)
FN:31,(anonymous_6)
FN:35,(anonymous_7)
FN:37,(anonymous_8)
FNF:9
FNH:5
FNDA:0,(anonymous_0)
FNDA:0,(anonymous_1)
FNDA:3,(anonymous_2)
FNDA:3,(anonymous_3)
FNDA:0,(anonymous_4)
FNDA:0,(anonymous_5)
FNDA:1,(anonymous_6)
FNDA:3,(anonymous_7)
FNDA:3,(anonymous_8)
DA:4,1
DA:5,0
DA:7,0
DA:8,0
DA:9,0
DA:13,1
DA:14,3
DA:16,3
DA:17,3
DA:18,3
DA:22,1
DA:23,0
DA:25,0
DA:26,0
DA:27,0
DA:31,1
DA:32,1
DA:35,1
DA:36,3
DA:38,3
DA:39,3
DA:40,3
LF:22
LH:14
BRF:0
BRH:0
end_of_record
TN:
SF:/home/ruan/projects/salic-minc/front/src/modules/foo/store/getters.js
FN:1,(anonymous_0)
FN:2,(anonymous_1)
FNF:2
FNH:2
FNDA:1,(anonymous_0)
FNDA:1,(anonymous_1)
DA:1,1
DA:2,1
LF:2
LH:2
BRF:0
BRH:0
end_of_record
TN:
SF:/home/ruan/projects/salic-minc/front/src/modules/foo/store/mutations.js
FN:21,(anonymous_0)
FN:30,(anonymous_1)
FNF:2
FNH:2
FNDA:1,(anonymous_0)
FNDA:1,(anonymous_1)
DA:3,1
DA:8,1
DA:10,1
DA:13,1
DA:16,1
DA:19,1
DA:21,1
DA:22,1
DA:23,1
DA:28,1
DA:30,1
DA:31,1
DA:32,1
LF:13
LH:13
BRDA:22,0,0,1
BRDA:22,0,1,0
BRDA:31,1,0,1
BRDA:31,1,1,0
BRF:4
BRH:2
end_of_record
TN:
SF:/home/ruan/projects/salic-minc/front/src/modules/foo/store/types.js
FNF:0
FNH:0
DA:1,3
DA:2,3
DA:3,3
DA:4,3
DA:5,3
LF:5
LH:5
BRF:0
BRH:0
end_of_record
TN:
SF:/home/ruan/projects/salic-minc/front/src/modules/projeto/store/actions.js
FN:5,(anonymous_0)
FN:7,(anonymous_1)
FNF:2
FNH:2
FNDA:2,(anonymous_0)
FNDA:2,(anonymous_1)
DA:5,1
DA:6,2
DA:8,2
DA:9,2
DA:10,2
LF:5
LH:5
BRF:0
BRH:0
end_of_record
TN:
SF:/home/ruan/projects/salic-minc/front/src/modules/projeto/store/getters.js
FN:1,(anonymous_0)
FNF:1
FNH:1
FNDA:1,(anonymous_0)
DA:1,1
LF:1
LH:1
BRF:0
BRH:0
end_of_record
TN:
SF:/home/ruan/projects/salic-minc/front/src/modules/projeto/store/mutations.js
FNF:0
FNH:0
DA:3,1
DA:7,1
DA:9,1
LF:3
LH:3
BRF:0
BRH:0
end_of_record
TN:
SF:/home/ruan/projects/salic-minc/front/src/modules/projeto/store/types.js
FNF:0
FNH:0
DA:1,3
LF:1
LH:1
BRF:0
BRH:0
end_of_record
TN:
SF:/home/ruan/projects/salic-minc/front/test/unit/setup.js
FNF:0
FNH:0
DA:3,9
LF:1
LH:1
BRF:0
BRH:0
end_of_record
TN:
SF:/home/ruan/projects/salic-minc/front/test/unit/helpers/api.js
FN:10,(anonymous_0)
FN:13,(anonymous_1)
FN:26,(anonymous_2)
FN:40,(anonymous_3)
FN:41,(anonymous_4)
FN:44,(anonymous_5)
FN:48,(anonymous_6)
FN:57,(anonymous_7)
FNF:8
FNH:5
FNDA:4,(anonymous_0)
FNDA:2,(anonymous_1)
FNDA:0,(anonymous_2)
FNDA:2,(anonymous_3)
FNDA:2,(anonymous_4)
FNDA:0,(anonymous_5)
FNDA:6,(anonymous_6)
FNDA:0,(anonymous_7)
DA:6,2
DA:10,2
DA:11,4
DA:13,4
DA:14,2
DA:15,0
DA:16,0
DA:19,2
DA:20,2
DA:23,0
DA:26,4
DA:27,0
DA:28,0
DA:31,0
DA:34,4
DA:35,4
DA:37,4
DA:40,2
DA:41,2
DA:44,2
DA:45,0
DA:48,2
DA:49,6
DA:50,2
DA:51,2
DA:54,4
DA:57,2
DA:58,0
DA:61,2
LF:29
LH:21
BRDA:10,0,0,4
BRDA:10,1,0,3
BRDA:14,2,0,0
BRDA:14,2,1,2
BRDA:14,3,0,2
BRDA:14,3,1,2
BRDA:19,4,0,2
BRDA:19,4,1,0
BRDA:27,5,0,0
BRDA:27,5,1,0
BRDA:49,6,0,2
BRDA:49,6,1,4
BRF:12
BRH:8
end_of_record
