{"/home/ruan/projects/salic-minc/front/src/modules/projeto/store/getters.js": {"path":"/home/ruan/projects/salic-minc/front/src/modules/projeto/store/getters.js","statementMap":{"0":{"start":{"line":1,"column":23},"end":{"line":1,"column":45}},"1":{"start":{"line":1,"column":32},"end":{"line":1,"column":45}}},"fnMap":{"0":{"name":"(anonymous_0)","decl":{"start":{"line":1,"column":23},"end":{"line":1,"column":24}},"loc":{"start":{"line":1,"column":32},"end":{"line":1,"column":45}},"line":1}},"branchMap":{},"s":{"0":1,"1":1},"f":{"0":1},"b":{},"_coverageSchema":"332fd63041d2c1bcb487cc26dd0d5f7d97098a6c","hash":"0c8a29e8eb3616da4acbe3cd60d78b8d3136b3c7"}
,"/home/ruan/projects/salic-minc/front/test/unit/setup.js": {"path":"/home/ruan/projects/salic-minc/front/test/unit/setup.js","statementMap":{"0":{"start":{"line":3,"column":0},"end":{"line":3,"column":32}}},"fnMap":{},"branchMap":{},"s":{"0":1},"f":{},"b":{},"_coverageSchema":"332fd63041d2c1bcb487cc26dd0d5f7d97098a6c","hash":"b11396b96c3ab84f56ca7e3b8610fdfc45506ce1"}
}
